<?xml version="1.0" encoding="UTF-8"?>
<!-- Generated by org.testng.reporters.JUnitReportReporter -->
<testsuite name="SystemMailTracking.testcases.SystemEmails.AddNewContactOptinTest" tests="1" time="52.756" ignored="0" failures="0" timestamp="31 Jul 2018 09:29:09 GMT" skipped="0" hostname="DESKTOP-TU76DCC" errors="0">
  <testcase name="AddNewContactOptin" time="52.756" classname="SystemMailTracking.testcases.SystemEmails.AddNewContactOptinTest"/>
</testsuite> <!-- SystemMailTracking.testcases.SystemEmails.AddNewContactOptinTest -->
