<?xml version="1.0" encoding="UTF-8"?>
<!-- Generated by org.testng.reporters.JUnitReportReporter -->
<testsuite name="SystemMailTracking.testcases.SystemEmails.ReoptinEmailTest" tests="1" time="49.410" ignored="0" failures="0" timestamp="31 Jul 2018 09:29:09 GMT" skipped="0" hostname="DESKTOP-TU76DCC" errors="0">
  <testcase name="ReoptinEmail" time="49.410" classname="SystemMailTracking.testcases.SystemEmails.ReoptinEmailTest"/>
</testsuite> <!-- SystemMailTracking.testcases.SystemEmails.ReoptinEmailTest -->
