<?xml version="1.0" encoding="UTF-8"?>
<!-- Generated by org.testng.reporters.JUnitReportReporter -->
<testsuite hostname="DESKTOP-TU76DCC" name="SystemMailTracking.testcases.SessionSuite.LoginTest" tests="1" failures="0" timestamp="30 May 2018 15:51:05 GMT" time="77.958" errors="0">
  <testcase name="loginTest" time="77.958" classname="SystemMailTracking.testcases.SessionSuite.LoginTest"/>
</testsuite> <!-- SystemMailTracking.testcases.SessionSuite.LoginTest -->
