<?xml version="1.0" encoding="UTF-8"?>
<!-- Generated by org.testng.reporters.JUnitReportReporter -->
<testsuite skipped="1" hostname="DESKTOP-TU76DCC" name="SystemMailTracking.testcases.SessionSuite.ContinueToPaymentTest" tests="1" failures="0" timestamp="14 Jun 2018 08:54:54 GMT" time="0.050" errors="0">
  <testcase name="ContinueToPayment" time="0.050" classname="SystemMailTracking.testcases.SessionSuite.ContinueToPaymentTest">
    <skipped/>
  </testcase> <!-- ContinueToPayment -->
</testsuite> <!-- SystemMailTracking.testcases.SessionSuite.ContinueToPaymentTest -->
