<?xml version="1.0" encoding="UTF-8"?>
<!-- Generated by org.testng.reporters.JUnitReportReporter -->
<testsuite skipped="1" hostname="DESKTOP-TU76DCC" name="SystemMailTracking.testcases.SystemEmails.AddNewContactOptinTest" tests="1" failures="0" timestamp="14 Jun 2018 08:54:54 GMT" time="0.058" errors="0">
  <testcase name="AddNewContactOptin" time="0.058" classname="SystemMailTracking.testcases.SystemEmails.AddNewContactOptinTest">
    <skipped/>
  </testcase> <!-- AddNewContactOptin -->
</testsuite> <!-- SystemMailTracking.testcases.SystemEmails.AddNewContactOptinTest -->
