<?xml version="1.0" encoding="UTF-8"?>
<!-- Generated by org.testng.reporters.JUnitReportReporter -->
<testsuite hostname="DESKTOP-TU76DCC" name="SystemMailTracking.testcases.SessionSuite.LoginTest" tests="1" failures="0" timestamp="9 May 2018 10:45:43 GMT" time="16.043" errors="0">
  <testcase name="loginTest" time="16.043" classname="SystemMailTracking.testcases.SessionSuite.LoginTest"/>
</testsuite> <!-- SystemMailTracking.testcases.SessionSuite.LoginTest -->
