<?xml version="1.0" encoding="UTF-8"?>
<!-- Generated by org.testng.reporters.JUnitReportReporter -->
<testsuite skipped="1" hostname="DESKTOP-TU76DCC" name="SystemMailTracking.testcases.SessionSuite.ForgotPasswordTestCase" tests="1" failures="0" timestamp="14 Jun 2018 08:54:54 GMT" time="0.064" errors="0">
  <testcase name="ForgotPasswordTest" time="0.064" classname="SystemMailTracking.testcases.SessionSuite.ForgotPasswordTestCase">
    <skipped/>
  </testcase> <!-- ForgotPasswordTest -->
</testsuite> <!-- SystemMailTracking.testcases.SessionSuite.ForgotPasswordTestCase -->
