<?xml version="1.0" encoding="UTF-8"?>
<!-- Generated by org.testng.reporters.JUnitReportReporter -->
<testsuite skipped="1" hostname="DESKTOP-TU76DCC" name="SystemMailTracking.testcases.SystemEmails.ReoptinEmailTest" tests="1" failures="0" timestamp="14 Jun 2018 08:54:54 GMT" time="0.073" errors="0">
  <testcase name="ReoptinEmail" time="0.073" classname="SystemMailTracking.testcases.SystemEmails.ReoptinEmailTest">
    <skipped/>
  </testcase> <!-- ReoptinEmail -->
</testsuite> <!-- SystemMailTracking.testcases.SystemEmails.ReoptinEmailTest -->
