<?xml version="1.0" encoding="UTF-8"?>
<!-- Generated by org.testng.reporters.JUnitReportReporter -->
<testsuite hostname="DESKTOP-TU76DCC" name="SystemMailTracking.testcases.SessionSuite.ForgotPasswordTestCase" tests="1" failures="0" timestamp="9 May 2018 10:45:43 GMT" time="43.186" errors="0">
  <testcase name="ForgotPasswordTest" time="43.186" classname="SystemMailTracking.testcases.SessionSuite.ForgotPasswordTestCase"/>
</testsuite> <!-- SystemMailTracking.testcases.SessionSuite.ForgotPasswordTestCase -->
