<?xml version="1.0" encoding="UTF-8"?>
<!-- Generated by org.testng.reporters.JUnitReportReporter -->
<testsuite skipped="1" hostname="DESKTOP-TU76DCC" name="SystemMailTracking.testcases.SystemEmails.ResourceEmailTest" tests="1" failures="0" timestamp="14 Jun 2018 08:54:54 GMT" time="0.066" errors="0">
  <testcase name="ResourceEmail" time="0.066" classname="SystemMailTracking.testcases.SystemEmails.ResourceEmailTest">
    <skipped/>
  </testcase> <!-- ResourceEmail -->
</testsuite> <!-- SystemMailTracking.testcases.SystemEmails.ResourceEmailTest -->
